Arguments: 
  C:\Program Files\nodejs\node.exe C:\Program Files (x86)\Yarn\bin\yarn.js start

PATH: 
  C:\ProgramData\Oracle\Java\javapath;C:\Program Files (x86)\Common Files\Oracle\Java\javapath;C:\Python27\;C:\Python27\Scripts;C:\Windows\system32;C:\Windows;C:\Windows\System32\Wbem;C:\Windows\System32\WindowsPowerShell\v1.0\;C:\Program Files (x86)\NVIDIA Corporation\PhysX\Common;C:\Program Files\nodejs\;C:\Program Files (x86)\Yarn\bin\;C:\Program Files\Git\cmd;C:\Program Files (x86)\GtkSharp\2.12\bin;C:\Users\aoffy-kku\AppData\Local\Programs\Python\Python36-32\Scripts\;C:\Users\aoffy-kku\AppData\Local\Programs\Python\Python36-32\;C:\Users\aoffy-kku\AppData\Local\Microsoft\WindowsApps;C:\Users\aoffy-kku\AppData\Roaming\npm;C:\Users\aoffy-kku\AppData\Local\Yarn\bin;C:\Program Files\Microsoft VS Code\bin;C:\Users\aoffy-kku\AppData\Local\GitHubDesktop\bin;C:\Program Files (x86)\Google\Chrome\Application\65.0.3325.181\Extensions;C:\Users\aoffy-kku\Documents\GitHub\flutter\bin;C:\Program Files\Java\jre1.8.0_161\bin;C:\xampp\php;

Yarn version: 
  1.5.1

Node version: 
  8.10.0

Platform: 
  win32 x64

npm manifest: 
  {
    "name": "soften-mailer",
    "version": "1.0.0",
    "description": "This is mailer with nodejs",
    "main": "index.js",
    "dependencies": {
      "body-parser": "^1.18.2",
      "express": "^4.16.3",
      "nodemailer": "^4.6.4"
    },
    "devDependencies": {},
    "scripts": {
      "start": "node index.js",
      "test": "echo \"Error: no test specified\" && exit 1"
    },
    "repository": {
      "type": "git",
      "url": "git+https://github.com/aoffy-kku/soften-mailer.git"
    },
    "keywords": [
      "Mailer"
    ],
    "author": "aoffy-kku",
    "license": "ISC",
    "bugs": {
      "url": "https://github.com/aoffy-kku/soften-mailer/issues"
    },
    "homepage": "https://github.com/aoffy-kku/soften-mailer#readme"
  }

yarn manifest: 
  No manifest

Lockfile: 
  No lockfile

Trace: 
  Error: Command failed.
  Exit code: 1
  Command: C:\Windows\system32\cmd.exe
  Arguments: /d /s /c node index.js
  Directory: C:\Users\aoffy-kku\Documents\GitHub\soften-mailer
  Output:
  
      at ProcessTermError.MessageError (C:\Program Files (x86)\Yarn\lib\cli.js:186:110)
      at new ProcessTermError (C:\Program Files (x86)\Yarn\lib\cli.js:226:113)
      at ChildProcess.<anonymous> (C:\Program Files (x86)\Yarn\lib\cli.js:30281:17)
      at emitTwo (events.js:126:13)
      at ChildProcess.emit (events.js:214:7)
      at maybeClose (internal/child_process.js:925:16)
      at Process.ChildProcess._handle.onexit (internal/child_process.js:209:5)
